{"/Users/nicholas_field/Documents/Web Development/vending-machine/test.js":{"path":"/Users/nicholas_field/Documents/Web Development/vending-machine/test.js","s":{"1":1,"2":1,"3":1,"4":1,"5":1,"6":1,"7":1,"8":1,"9":1,"10":1,"11":1,"12":1,"13":1,"14":1,"15":1,"16":1,"17":1,"18":1,"19":1},"b":{"1":[1,0],"2":[1,1],"3":[1,0],"4":[1,1]},"f":{"1":1,"2":1,"3":1},"fnMap":{"1":{"name":"(anonymous_1)","line":15,"loc":{"start":{"line":15,"column":58},"end":{"line":15,"column":75}}},"2":{"name":"(anonymous_2)","line":21,"loc":{"start":{"line":21,"column":57},"end":{"line":21,"column":74}}},"3":{"name":"(anonymous_3)","line":27,"loc":{"start":{"line":27,"column":73},"end":{"line":27,"column":90}}}},"statementMap":{"1":{"start":{"line":4,"column":0},"end":{"line":10,"column":1}},"2":{"start":{"line":5,"column":2},"end":{"line":5,"column":33},"skip":true},"3":{"start":{"line":7,"column":2},"end":{"line":7,"column":24},"skip":true},"4":{"start":{"line":8,"column":2},"end":{"line":8,"column":43},"skip":true},"5":{"start":{"line":9,"column":2},"end":{"line":9,"column":41},"skip":true},"6":{"start":{"line":15,"column":0},"end":{"line":19,"column":3}},"7":{"start":{"line":16,"column":2},"end":{"line":16,"column":35}},"8":{"start":{"line":17,"column":2},"end":{"line":17,"column":33}},"9":{"start":{"line":18,"column":2},"end":{"line":18,"column":37}},"10":{"start":{"line":21,"column":0},"end":{"line":25,"column":3}},"11":{"start":{"line":22,"column":2},"end":{"line":22,"column":35}},"12":{"start":{"line":23,"column":2},"end":{"line":23,"column":33}},"13":{"start":{"line":24,"column":2},"end":{"line":24,"column":37}},"14":{"start":{"line":27,"column":0},"end":{"line":31,"column":3}},"15":{"start":{"line":28,"column":2},"end":{"line":28,"column":34}},"16":{"start":{"line":29,"column":2},"end":{"line":29,"column":49}},"17":{"start":{"line":30,"column":2},"end":{"line":30,"column":37}},"18":{"start":{"line":36,"column":0},"end":{"line":36,"column":70},"skip":true},"19":{"start":{"line":36,"column":55},"end":{"line":36,"column":68},"skip":true}},"branchMap":{"1":{"line":4,"type":"if","locations":[{"start":{"line":4,"column":0},"end":{"line":4,"column":0},"skip":true},{"start":{"line":4,"column":0},"end":{"line":4,"column":0}}]},"2":{"line":4,"type":"binary-expr","locations":[{"start":{"line":4,"column":4},"end":{"line":4,"column":33}},{"start":{"line":4,"column":37},"end":{"line":4,"column":51}}]},"3":{"line":36,"type":"if","locations":[{"start":{"line":36,"column":0},"end":{"line":36,"column":0},"skip":true},{"start":{"line":36,"column":0},"end":{"line":36,"column":0},"skip":true}]},"4":{"line":36,"type":"binary-expr","locations":[{"start":{"line":36,"column":4},"end":{"line":36,"column":33},"skip":true},{"start":{"line":36,"column":37},"end":{"line":36,"column":51},"skip":true}]}}},"/Users/nicholas_field/Documents/Web Development/vending-machine/change.js":{"path":"/Users/nicholas_field/Documents/Web Development/vending-machine/change.js","s":{"1":1,"2":1,"3":1,"4":1,"5":3,"6":3,"7":3,"8":3,"9":24,"10":24,"11":15,"12":15,"13":16,"14":16,"15":3},"b":{"1":[1,0],"2":[1,1],"3":[15,9]},"f":{"1":3},"fnMap":{"1":{"name":"getChange","line":11,"loc":{"start":{"line":11,"column":0},"end":{"line":11,"column":43}}}},"statementMap":{"1":{"start":{"line":4,"column":0},"end":{"line":6,"column":1},"skip":true},"2":{"start":{"line":5,"column":2},"end":{"line":5,"column":29},"skip":true},"3":{"start":{"line":10,"column":0},"end":{"line":10,"column":43}},"4":{"start":{"line":11,"column":0},"end":{"line":30,"column":1}},"5":{"start":{"line":12,"column":4},"end":{"line":12,"column":20}},"6":{"start":{"line":13,"column":4},"end":{"line":13,"column":30}},"7":{"start":{"line":14,"column":4},"end":{"line":14,"column":44}},"8":{"start":{"line":16,"column":4},"end":{"line":27,"column":5}},"9":{"start":{"line":17,"column":8},"end":{"line":17,"column":28}},"10":{"start":{"line":19,"column":8},"end":{"line":26,"column":9}},"11":{"start":{"line":20,"column":12},"end":{"line":20,"column":51}},"12":{"start":{"line":22,"column":12},"end":{"line":25,"column":13}},"13":{"start":{"line":23,"column":16},"end":{"line":23,"column":34}},"14":{"start":{"line":24,"column":16},"end":{"line":24,"column":45}},"15":{"start":{"line":29,"column":4},"end":{"line":29,"column":18}}},"branchMap":{"1":{"line":4,"type":"if","locations":[{"start":{"line":4,"column":0},"end":{"line":4,"column":0},"skip":true},{"start":{"line":4,"column":0},"end":{"line":4,"column":0},"skip":true}]},"2":{"line":4,"type":"binary-expr","locations":[{"start":{"line":4,"column":4},"end":{"line":4,"column":33},"skip":true},{"start":{"line":4,"column":37},"end":{"line":4,"column":51},"skip":true}]},"3":{"line":19,"type":"if","locations":[{"start":{"line":19,"column":8},"end":{"line":19,"column":8}},{"start":{"line":19,"column":8},"end":{"line":19,"column":8}}]}}}}