TN:
SF:/Users/nicholas_field/Documents/Web Development/vending-machine/test.js
FN:15,(anonymous_1)
FN:21,(anonymous_2)
FN:27,(anonymous_3)
FNF:3
FNH:3
FNDA:1,(anonymous_1)
FNDA:1,(anonymous_2)
FNDA:1,(anonymous_3)
DA:4,1
DA:5,1
DA:7,1
DA:8,1
DA:9,1
DA:15,1
DA:16,1
DA:17,1
DA:18,1
DA:21,1
DA:22,1
DA:23,1
DA:24,1
DA:27,1
DA:28,1
DA:29,1
DA:30,1
DA:36,1
LF:18
LH:18
BRDA:4,1,0,1
BRDA:4,1,1,0
BRDA:4,2,0,1
BRDA:4,2,1,1
BRDA:36,3,0,1
BRDA:36,3,1,0
BRDA:36,4,0,1
BRDA:36,4,1,1
BRF:8
BRH:7
end_of_record
TN:
SF:/Users/nicholas_field/Documents/Web Development/vending-machine/change.js
FN:11,getChange
FNF:1
FNH:1
FNDA:3,getChange
DA:4,1
DA:5,1
DA:10,1
DA:11,1
DA:12,3
DA:13,3
DA:14,3
DA:16,3
DA:17,24
DA:19,24
DA:20,15
DA:22,15
DA:23,16
DA:24,16
DA:29,3
LF:15
LH:15
BRDA:4,1,0,1
BRDA:4,1,1,0
BRDA:4,2,0,1
BRDA:4,2,1,1
BRDA:19,3,0,15
BRDA:19,3,1,9
BRF:6
BRH:6
end_of_record
